{"total": {"lines":{"total":3331,"covered":289,"skipped":0,"pct":8.67},"statements":{"total":3331,"covered":289,"skipped":0,"pct":8.67},"functions":{"total":32,"covered":12,"skipped":0,"pct":37.5},"branches":{"total":75,"covered":44,"skipped":0,"pct":58.66},"branchesTrue":{"total":0,"covered":0,"skipped":0,"pct":100}}
,"C:\\project\\ForensiFlow\\client\\src\\App.tsx": {"lines":{"total":894,"covered":115,"skipped":0,"pct":12.86},"functions":{"total":5,"covered":3,"skipped":0,"pct":60},"statements":{"total":894,"covered":115,"skipped":0,"pct":12.86},"branches":{"total":56,"covered":35,"skipped":0,"pct":62.5}}
,"C:\\project\\ForensiFlow\\client\\src\\main.tsx": {"lines":{"total":9,"covered":0,"skipped":0,"pct":0},"functions":{"total":1,"covered":0,"skipped":0,"pct":0},"statements":{"total":9,"covered":0,"skipped":0,"pct":0},"branches":{"total":1,"covered":0,"skipped":0,"pct":0}}
,"C:\\project\\ForensiFlow\\client\\src\\components\\AIAssistant.tsx": {"lines":{"total":225,"covered":11,"skipped":0,"pct":4.88},"functions":{"total":2,"covered":0,"skipped":0,"pct":0},"statements":{"total":225,"covered":11,"skipped":0,"pct":4.88},"branches":{"total":0,"covered":0,"skipped":0,"pct":100}}
,"C:\\project\\ForensiFlow\\client\\src\\components\\ExecutionLineage.tsx": {"lines":{"total":112,"covered":4,"skipped":0,"pct":3.57},"functions":{"total":1,"covered":0,"skipped":0,"pct":0},"statements":{"total":112,"covered":4,"skipped":0,"pct":3.57},"branches":{"total":0,"covered":0,"skipped":0,"pct":100}}
,"C:\\project\\ForensiFlow\\client\\src\\components\\GraphFilters.tsx": {"lines":{"total":443,"covered":46,"skipped":0,"pct":10.38},"functions":{"total":6,"covered":0,"skipped":0,"pct":0},"statements":{"total":443,"covered":46,"skipped":0,"pct":10.38},"branches":{"total":0,"covered":0,"skipped":0,"pct":100}}
,"C:\\project\\ForensiFlow\\client\\src\\components\\GraphPanel.tsx": {"lines":{"total":950,"covered":29,"skipped":0,"pct":3.05},"functions":{"total":3,"covered":0,"skipped":0,"pct":0},"statements":{"total":950,"covered":29,"skipped":0,"pct":3.05},"branches":{"total":0,"covered":0,"skipped":0,"pct":100}}
,"C:\\project\\ForensiFlow\\client\\src\\components\\LogPanel.tsx": {"lines":{"total":337,"covered":5,"skipped":0,"pct":1.48},"functions":{"total":1,"covered":0,"skipped":0,"pct":0},"statements":{"total":337,"covered":5,"skipped":0,"pct":1.48},"branches":{"total":0,"covered":0,"skipped":0,"pct":100}}
,"C:\\project\\ForensiFlow\\client\\src\\components\\NodeContextMenu.tsx": {"lines":{"total":137,"covered":4,"skipped":0,"pct":2.91},"functions":{"total":1,"covered":0,"skipped":0,"pct":0},"statements":{"total":137,"covered":4,"skipped":0,"pct":2.91},"branches":{"total":0,"covered":0,"skipped":0,"pct":100}}
,"C:\\project\\ForensiFlow\\client\\src\\components\\NotebookPopup.tsx": {"lines":{"total":44,"covered":4,"skipped":0,"pct":9.09},"functions":{"total":1,"covered":0,"skipped":0,"pct":0},"statements":{"total":44,"covered":4,"skipped":0,"pct":9.09},"branches":{"total":0,"covered":0,"skipped":0,"pct":100}}
,"C:\\project\\ForensiFlow\\client\\src\\components\\TimeLineFilter.tsx": {"lines":{"total":76,"covered":4,"skipped":0,"pct":5.26},"functions":{"total":1,"covered":0,"skipped":0,"pct":0},"statements":{"total":76,"covered":4,"skipped":0,"pct":5.26},"branches":{"total":0,"covered":0,"skipped":0,"pct":100}}
,"C:\\project\\ForensiFlow\\client\\src\\hooks\\useDrag.ts": {"lines":{"total":32,"covered":2,"skipped":0,"pct":6.25},"functions":{"total":1,"covered":0,"skipped":0,"pct":0},"statements":{"total":32,"covered":2,"skipped":0,"pct":6.25},"branches":{"total":0,"covered":0,"skipped":0,"pct":100}}
,"C:\\project\\ForensiFlow\\client\\src\\services\\api.ts": {"lines":{"total":72,"covered":65,"skipped":0,"pct":90.27},"functions":{"total":9,"covered":9,"skipped":0,"pct":100},"statements":{"total":72,"covered":65,"skipped":0,"pct":90.27},"branches":{"total":18,"covered":9,"skipped":0,"pct":50}}
}
